DiagnosticsPlugin.exe Information: 0 : [5/15/2016 12:14:41 PM] Starting DiagnosticPlugin.exe DiagnosticPlugin-ShutdownEvent DiagnosticPlugin-TotalShutdownEvent -wadVer1v5
DiagnosticsPlugin.exe Error: 0 : [5/15/2016 12:14:41 PM] Failed to save IIS Directory state
DiagnosticsPlugin.exe Error: 0 : [5/15/2016 12:14:41 PM] System.UnauthorizedAccessException: Filename: redirection.config
Error: Cannot read configuration file due to insufficient permissions


   at Microsoft.Web.Administration.Interop.IAppHostAdminManager.GetAdminSection(String bstrSectionName, String bstrPath)
   at Microsoft.Web.Administration.Configuration.GetSectionInternal(ConfigurationSection section, String sectionPath, String locationPath)
   at Microsoft.Web.Administration.ServerManager.SitesSectionCreator()
   at Microsoft.Web.Administration.Lazy.Initialize[T](T& target, CreateInstanceDelegate`1 valueFactory)
   at Microsoft.Web.Administration.ServerManager.SitesCollectionCreator()
   at Microsoft.Web.Administration.Lazy.Initialize[T](T& target, CreateInstanceDelegate`1 valueFactory)
   at Microsoft.Azure.Plugins.Plugin.DiagnosticsPluginManager.SaveIISDirectoryState()
DiagnosticsPlugin.exe Information: 0 : [5/15/2016 12:14:41 PM] Starting DiagnosticsPlugin
DiagnosticsPlugin.exe Information: 0 : [5/15/2016 12:14:41 PM] Emulator config file set to c:\users\tanner\documents\visual studio 2015\Projects\TannerPA3\TannerPA3\csx\Debug\roles\PA3WebRole\approot\diagnostics.wadcfgx
DiagnosticsPlugin.exe Information: 0 : [5/15/2016 12:14:41 PM] DiagnosticsStoreRootPath set to: C:\Users\Tanner\AppData\Local\dftmp\Resources\3e3c48c0-348c-4ae5-9f9e-fdae4c01c8ca
DiagnosticsPlugin.exe Information: 0 : [5/15/2016 12:14:41 PM] Loading config file: c:\users\tanner\documents\visual studio 2015\Projects\TannerPA3\TannerPA3\csx\Debug\roles\PA3WebRole\approot\diagnostics.wadcfgx
DiagnosticsPlugin.exe Information: 0 : [5/15/2016 12:14:41 PM] Config file to read: c:\users\tanner\documents\visual studio 2015\Projects\TannerPA3\TannerPA3\csx\Debug\roles\PA3WebRole\approot\diagnostics.wadcfgx
DiagnosticsPlugin.exe Information: 0 : [5/15/2016 12:14:41 PM] Checking VM Type
DiagnosticsPlugin.exe Information: 0 : [5/15/2016 12:14:41 PM] Emulator config file set to c:\users\tanner\documents\visual studio 2015\Projects\TannerPA3\TannerPA3\csx\Debug\roles\PA3WebRole\approot\diagnostics.wadcfgx
DiagnosticsPlugin.exe Information: 0 : [5/15/2016 12:14:41 PM] Extension set to Emulator Mode
DiagnosticsPlugin.exe Information: 0 : [5/15/2016 12:14:41 PM] Reading XML configuration file
DiagnosticsPlugin.exe Information: 0 : [5/15/2016 12:14:41 PM] Bypassing private config decryption
DiagnosticsPlugin.exe Information: 0 : [5/15/2016 12:14:41 PM] WadCfg is provided in initial configuration. Using that to initialize Diagnostics.
DiagnosticsPlugin.exe Information: 0 : [5/15/2016 12:14:41 PM] <PublicConfig xmlns="http://schemas.microsoft.com/ServiceHosting/2010/10/DiagnosticsConfiguration">
  <WadCfg>
    <DiagnosticMonitorConfiguration overallQuotaInMB="4096" sinks="applicationInsights.errors">
      <DiagnosticInfrastructureLogs scheduledTransferLogLevelFilter="Error" />
      <Directories scheduledTransferPeriod="PT1M">
        <IISLogs containerName="wad-iis-logfiles" />
        <FailedRequestLogs containerName="wad-failedrequestlogs" />
      </Directories>
      <PerformanceCounters scheduledTransferPeriod="PT1M">
        <PerformanceCounterConfiguration counterSpecifier="\Memory\Available MBytes" sampleRate="PT3M" />
        <PerformanceCounterConfiguration counterSpecifier="\Web Service(_Total)\ISAPI Extension Requests/sec" sampleRate="PT3M" />
        <PerformanceCounterConfiguration counterSpecifier="\Web Service(_Total)\Bytes Total/Sec" sampleRate="PT3M" />
        <PerformanceCounterConfiguration counterSpecifier="\ASP.NET Applications(__Total__)\Requests/Sec" sampleRate="PT3M" />
        <PerformanceCounterConfiguration counterSpecifier="\ASP.NET Applications(__Total__)\Errors Total/Sec" sampleRate="PT3M" />
        <PerformanceCounterConfiguration counterSpecifier="\ASP.NET\Requests Queued" sampleRate="PT3M" />
        <PerformanceCounterConfiguration counterSpecifier="\ASP.NET\Requests Rejected" sampleRate="PT3M" />
        <PerformanceCounterConfiguration counterSpecifier="\Processor(_Total)\% Processor Time" sampleRate="PT3M" />
      </PerformanceCounters>
      <WindowsEventLog scheduledTransferPeriod="PT1M">
        <DataSource name="Application!*[System[(Level=1 or Level=2 or Level=3)]]" />
        <DataSource name="Windows Azure!*[System[(Level=1 or Level=2 or Level=3 or Level=4)]]" />
      </WindowsEventLog>
      <CrashDumps>
        <CrashDumpConfiguration processName="WaIISHost.exe" />
        <CrashDumpConfiguration processName="WaWorkerHost.exe" />
        <CrashDumpConfiguration processName="w3wp.exe" />
      </CrashDumps>
      <Logs scheduledTransferPeriod="PT1M" scheduledTransferLogLevelFilter="Error" />
    </DiagnosticMonitorConfiguration>
    <SinksConfig>
      <Sink name="applicationInsights">
        <ApplicationInsights>bf4d3099-9961-4ec4-a857-eb9543a914bb</ApplicationInsights>
        <Channels>
          <Channel logLevel="Error" name="errors" />
        </Channels>
      </Sink>
    </SinksConfig>
  </WadCfg>
  <StorageAccount>devstoreaccount1</StorageAccount>
</PublicConfig>
DiagnosticsPlugin.exe Information: 0 : [5/15/2016 12:14:41 PM] Private setting is loaded
DiagnosticsPlugin.exe Information: 0 : [5/15/2016 12:14:41 PM] Is config json/xml loaded
DiagnosticsPlugin.exe Information: 0 : [5/15/2016 12:14:41 PM] Checking if configuration needs to be fetched from the storage account and doing so if needed.
DiagnosticsPlugin.exe Information: 0 : [5/15/2016 12:14:41 PM] Successfully created checkpoint file C:\Users\Tanner\AppData\Local\dftmp\Resources\3e3c48c0-348c-4ae5-9f9e-fdae4c01c8ca\WAD0105\Configuration\Checkpoint.txt
DiagnosticsPlugin.exe Information: 0 : [5/15/2016 12:14:41 PM] Will use local resource directory C:\Users\Tanner\AppData\Local\dftmp\Resources\3e3c48c0-348c-4ae5-9f9e-fdae4c01c8ca\WAD0105
DiagnosticsPlugin.exe Information: 0 : [5/15/2016 12:14:41 PM] Will use endpoint https://core.windows.net for storage.
DiagnosticsPlugin.exe Information: 0 : [5/15/2016 12:14:41 PM] Exception in creating the ServerManager; is IIS installed?
 Error:System.UnauthorizedAccessException: Filename: redirection.config
Error: Cannot read configuration file due to insufficient permissions


   at Microsoft.Web.Administration.Interop.IAppHostAdminManager.GetAdminSection(String bstrSectionName, String bstrPath)
   at Microsoft.Web.Administration.Configuration.GetSectionInternal(ConfigurationSection section, String sectionPath, String locationPath)
   at Microsoft.Web.Administration.ServerManager.SitesSectionCreator()
   at Microsoft.Web.Administration.Lazy.Initialize[T](T& target, CreateInstanceDelegate`1 valueFactory)
   at Microsoft.Web.Administration.ServerManager.SitesCollectionCreator()
   at Microsoft.Web.Administration.Lazy.Initialize[T](T& target, CreateInstanceDelegate`1 valueFactory)
   at Microsoft.Azure.Plugins.Plugin.WadConfigProcessor.AddDirectories(EventsType mdsEvents, Directories wadDirectories)
DiagnosticsPlugin.exe Information: 0 : [5/15/2016 12:14:42 PM] Running in emulator mode, crash dumps not enabled
DiagnosticsPlugin.exe Information: 0 : [5/15/2016 12:14:42 PM] Checking to see if Application Insights extension needs to be configured.
DiagnosticsPlugin.exe Information: 0 : [5/15/2016 12:14:42 PM] Adding Application Insights extension to MA config
DiagnosticsPlugin.exe Information: 0 : [5/15/2016 12:14:42 PM] In emulator mode and using devstore updating XStoreAccount info, command line args: -LocalPath "C:\Users\Tanner\AppData\Local\dftmp\Resources\3e3c48c0-348c-4ae5-9f9e-fdae4c01c8ca\WAD0105"  -ConfigFile "C:\Users\Tanner\AppData\Local\dftmp\Resources\3e3c48c0-348c-4ae5-9f9e-fdae4c01c8ca\WAD0105\Configuration\MaConfig.xml" -ShutDownEvent WADDM-ShutDown-d42b7cfd5b5d4f9d97454b425afad8a3  -TotalShutDownEvent WADDM-TotalShutDown-d42b7cfd5b5d4f9d97454b425afad8a3 -InitializedEvent WADM-StartUp-d42b7cfd5b5d4f9d97454b425afad8a3 -parent 11992 -events -wadVer1v5 -UseProxyServer -XStoreAccounts WadAccount#true#devstoreaccount1#Eby8vdM02xNOcqFlqUwJPLlmEtlCDXJ1OUzFT50uSRZ6IFsuFq2UVErCz4I6tq/K1SZFPTOtr/KBHBeksoGMGw==#http://127.0.0.1:10002#http://127.0.0.1:10001#http://127.0.0.1:10000
DiagnosticsPlugin.exe Error: 0 : [5/15/2016 12:15:12 PM] Microsoft.Cis.Monitoring.Query.QueryException: ErrorFail
   at Microsoft.Cis.Monitoring.Query.QueryLocalTable..ctor(String TableName, String TablePath)
   at ApplicationInsightsExtension.MATableReader.ReadTableRecords(String tableName, String tablePath, DateTime startTime, DateTime endTime)
   at Microsoft.Azure.Plugins.Diagnostics.dll.MAStatusWriter.UpdateStatusReport(Object sender, ElapsedEventArgs e)
DiagnosticsPlugin.exe Error: 0 : [5/15/2016 12:15:42 PM] Microsoft.Cis.Monitoring.Query.QueryException: ErrorFail
   at Microsoft.Cis.Monitoring.Query.QueryLocalTable..ctor(String TableName, String TablePath)
   at ApplicationInsightsExtension.MATableReader.ReadTableRecords(String tableName, String tablePath, DateTime startTime, DateTime endTime)
   at Microsoft.Azure.Plugins.Diagnostics.dll.MAStatusWriter.UpdateStatusReport(Object sender, ElapsedEventArgs e)
DiagnosticsPlugin.exe Information: 0 : [5/15/2016 12:15:42 PM] MonAgentHost.exe started
DiagnosticsPlugin.exe Information: 0 : [5/15/2016 12:15:42 PM] DiagnoticsPlugin started.
DiagnosticsPlugin.exe Information: 0 : [5/15/2016 12:15:42 PM] DiagnoticsPlugin now waiting on events "DiagnosticPlugin-ShutdownEvent", "DiagnosticPlugin-TotalShutdownEvent" or "DiagnosticPlugin-RestartEvent".
DiagnosticsPlugin.exe Error: 0 : [5/15/2016 12:16:12 PM] Microsoft.Cis.Monitoring.Query.QueryException: ErrorFail
   at Microsoft.Cis.Monitoring.Query.QueryLocalTable..ctor(String TableName, String TablePath)
   at ApplicationInsightsExtension.MATableReader.ReadTableRecords(String tableName, String tablePath, DateTime startTime, DateTime endTime)
   at Microsoft.Azure.Plugins.Diagnostics.dll.MAStatusWriter.UpdateStatusReport(Object sender, ElapsedEventArgs e)
